<?xml version="1.0" encoding="UTF-8"?>
<testng-results skipped="0" failed="0" ignored="0" total="1" passed="1">
  <reporter-output>
  </reporter-output>
  <suite name="Default suite" duration-ms="7268" started-at="2020-07-16T23:21:50 CDT" finished-at="2020-07-16T23:21:57 CDT">
    <groups>
    </groups>
    <test name="Default test" duration-ms="7268" started-at="2020-07-16T23:21:50 CDT" finished-at="2020-07-16T23:21:57 CDT">
      <class name="test.q6test">
        <test-method status="PASS" signature="validMonth()[pri:0, instance:test.q6test@396f6598]" name="validMonth" duration-ms="7231" started-at="2020-07-16T23:21:50 CDT" finished-at="2020-07-16T23:21:57 CDT">
          <reporter-output>
          </reporter-output>
        </test-method> <!-- validMonth -->
      </class> <!-- test.q6test -->
    </test> <!-- Default test -->
  </suite> <!-- Default suite -->
</testng-results>
